[debug] [2023-03-05T08:22:03.242Z] ----------------------------------------------------------------------
[debug] [2023-03-05T08:22:03.247Z] Command:       C:\Program Files\nodejs\node.exe C:\Users\Bind\AppData\Roaming\npm\node_modules\firebase-tools\lib\bin\firebase.js deploy
[debug] [2023-03-05T08:22:03.249Z] CLI Version:   11.24.0
[debug] [2023-03-05T08:22:03.249Z] Platform:      win32
[debug] [2023-03-05T08:22:03.249Z] Node Version:  v18.13.0
[debug] [2023-03-05T08:22:03.251Z] Time:          Sun Mar 05 2023 13:52:03 GMT+0530 (India Standard Time)
[debug] [2023-03-05T08:22:03.252Z] ----------------------------------------------------------------------
[debug] 
[debug] [2023-03-05T08:22:03.413Z] > command requires scopes: ["email","openid","https://www.googleapis.com/auth/cloudplatformprojects.readonly","https://www.googleapis.com/auth/firebase","https://www.googleapis.com/auth/cloud-platform"]
[debug] [2023-03-05T08:22:03.414Z] > authorizing via signed-in user (prafullbind@gmail.com)
[debug] [2023-03-05T08:22:03.414Z] [iam] checking project zobizapis for permissions ["firebase.projects.get","firebasehosting.sites.update"]
[debug] [2023-03-05T08:22:03.419Z] >>> [apiv2][query] POST https://cloudresourcemanager.googleapis.com/v1/projects/zobizapis:testIamPermissions [none]
[debug] [2023-03-05T08:22:03.420Z] >>> [apiv2][(partial)header] POST https://cloudresourcemanager.googleapis.com/v1/projects/zobizapis:testIamPermissions x-goog-quota-user=projects/zobizapis
[debug] [2023-03-05T08:22:03.420Z] >>> [apiv2][body] POST https://cloudresourcemanager.googleapis.com/v1/projects/zobizapis:testIamPermissions {"permissions":["firebase.projects.get","firebasehosting.sites.update"]}
[debug] [2023-03-05T08:22:05.305Z] <<< [apiv2][status] POST https://cloudresourcemanager.googleapis.com/v1/projects/zobizapis:testIamPermissions 200
[debug] [2023-03-05T08:22:05.306Z] <<< [apiv2][body] POST https://cloudresourcemanager.googleapis.com/v1/projects/zobizapis:testIamPermissions {"permissions":["firebase.projects.get","firebasehosting.sites.update"]}
[debug] [2023-03-05T08:22:05.311Z] >>> [apiv2][query] GET https://firebase.googleapis.com/v1beta1/projects/zobizapis [none]
[debug] [2023-03-05T08:22:06.023Z] <<< [apiv2][status] GET https://firebase.googleapis.com/v1beta1/projects/zobizapis 200
[debug] [2023-03-05T08:22:06.023Z] <<< [apiv2][body] GET https://firebase.googleapis.com/v1beta1/projects/zobizapis {"projectId":"zobizapis","projectNumber":"838549641401","displayName":"zobizapis","name":"projects/zobizapis","resources":{"hostingSite":"zobizapis","storageBucket":"zobizapis.appspot.com","locationId":"asia-south1"},"state":"ACTIVE","etag":"1_d41b22e5-7a07-4e78-99be-2f530de37608"}
[info] 
[info] === Deploying to 'zobizapis'...
[info] 
[info] i  deploying hosting 
[debug] [2023-03-05T08:22:06.033Z] Specified "public" directory "/build" does not exist; Deploy to Hosting site "zobizapis" may fail or be empty.
[debug] [2023-03-05T08:22:06.044Z] >>> [apiv2][query] POST https://firebasehosting.googleapis.com/v1beta1/projects/-/sites/zobizapis/versions [none]
[debug] [2023-03-05T08:22:06.044Z] >>> [apiv2][body] POST https://firebasehosting.googleapis.com/v1beta1/projects/-/sites/zobizapis/versions {"status":"CREATED","labels":{"deployment-tool":"cli-firebase"}}
[debug] [2023-03-05T08:22:07.885Z] <<< [apiv2][status] POST https://firebasehosting.googleapis.com/v1beta1/projects/-/sites/zobizapis/versions 200
[debug] [2023-03-05T08:22:07.885Z] <<< [apiv2][body] POST https://firebasehosting.googleapis.com/v1beta1/projects/-/sites/zobizapis/versions {"name":"projects/838549641401/sites/zobizapis/versions/86b7562096128e15","status":"CREATED","config":{},"labels":{"deployment-tool":"cli-firebase"}}
[info] i  hosting[zobizapis]: beginning deploy... 
[info] i  hosting[zobizapis]: found 50 files in /build 
[debug] [2023-03-05T08:22:07.952Z] [hosting] uploading with 200 concurrency
[debug] [2023-03-05T08:22:10.373Z] [hosting] hash cache [YnVpbGQ] stored for 50 files
[debug] [2023-03-05T08:22:10.373Z] [hosting][hash queue][FINAL] {"max":2379,"min":21,"avg":270.22,"active":0,"complete":50,"success":50,"errored":0,"retried":0,"total":50,"elapsed":2393}
[debug] [2023-03-05T08:22:10.374Z] >>> [apiv2][query] POST https://firebasehosting.googleapis.com/v1beta1/projects/838549641401/sites/zobizapis/versions/86b7562096128e15:populateFiles [none]
[debug] [2023-03-05T08:22:10.375Z] >>> [apiv2][body] POST https://firebasehosting.googleapis.com/v1beta1/projects/838549641401/sites/zobizapis/versions/86b7562096128e15:populateFiles {"files":{"/404.html":"3240c6b45513fdd97861a63c8ae3ef0e7d2bf1357ec632ad7e6839473710326c\r","/favicon.ico":"eae62e993eb980ec8a25058c39d5a51feab118bd2100c4deebb2a9c158ec11f9\r","/logo192.png":"3ee59515172ee198f3be375979df15ac5345183e656720a381b8872b2a39dc8b\r","/logo512.png":"ee7e2f3fdb8209c4b6fd7bef6ba50d1b9dba30a25bb5c3126df057e1cb6f5331\r","/manifest.json":"5c997de1364b8be939319fa9209abd77f2caf7f8844999a9e2e9173f844e7840\r","/sitemap.xml":"1c5f7d0f1454366f39fcd5b9efca2c524d5777b8c22c88c3e6468e9a75b736c2","/zobox.png":"3960a50f595fb47b4892e81fb98e0c1b102d434e0c71d328eccb460290e46ec3\r","/zowhitenew.png":"36ba13ba56ac023e6d2e7b26efce33e80f1127505721b1497f8b7934936e0aed\r","/asset-manifest.json":"9611322cb232d316e42698dd3d176bdb09385f494a9bc26f6e295ef8b1f14c25","/index.html":"de624bec5ca3bbe30192e31250043b5eea4bb7e92cbe2ee87c17c9efa054378a","/robots.txt":"a73213f155e98f71b82e9b6acbf6700b8808b76bc241257f4ca3cf6faaa21f7b","/static/js/main.66c867ea.js.LICENSE.txt":"b0a39d2d4297236271d6be84c219fd89358d53dbbb2e8c9d610b8170b5faa907","/static/media/slick.2630a3e3eab21c607e21.svg":"d00477d40ed40fa1dd3bdee27d9286804121b15fea83bae7d5415d902b055de0","/static/media/slick.295183786cd8a1389865.woff":"029a727c9e1081d2f9e1015f02f18da88f268512ea4f58589a6f17f532928530","/static/media/slick.a4e97f5a2a64f0ab1323.eot":"52b9a169969e053d43df6bd21c4dc789c2518d99afd8590a17ef50cd24c77cf6","/static/media/slick.c94f7671dcc99dce43e2.ttf":"6aad751007cf9a89350af287f824ab64f096c472c7c9c679fb3d55b6174fc004","/static/media/zobox.bbd565ac43686612959c.png":"3960a50f595fb47b4892e81fb98e0c1b102d434e0c71d328eccb460290e46ec3","/static/media/apple.2a8f2a38110b76832fb2.png":"ededb1f3f82ceb0984709b3b1c9436a5be660c69b901563f46e9e38c13a74478","/static/media/daimg.b45c365bff3731296df1.png":"e3adb97124b5af60b9700af78404981466950702080dd2fc8b23fb6bcfe60da5","/static/media/pngwing.com.88c0cf672ae4dd873d7f.png":"d0eb58682647c2e081d67768c5faff31b76667d490221414a5c3694355aa465e","/static/media/headimg.5beefe8d66c2f875a0d1.jpeg":"3c232ad349f7ccec285342c45602ff5d4af6508c40598857f376517ffb164253","/static/media/buy2.c239195468a99b834142.png":"79c2da04f238aec68b462a67161d27bb07a00a2bcab88df11d7bb6dbc58c4776","/static/css/main.166499a2.css":"de9ac994393e85d54c85cf250556fa58229f643dad4574e6d30097aaae5a644d","/static/media/buy1.79395e81c08bdf68217e.png":"f205c9b16b4f311dc6c8989855869fde718c8c68404d523ecd12f9c388db1aa6","/static/media/buy3.98aff83ac79151a3af22.png":"79698c81380a9e7fc181e08762d48b38f304f1adcd7657ca6ad54f847ab5926b","/static/media/zobiz1.5424c71e51d908269f4f.png":"81270fff44e7991f7663444a78d821ed071474f29c3901ae974e0d9cc6156eb4","/static/media/front1.fa8a10c3072ae170baa8.png":"5e730af3afe896eb6a0592e32885424f03ca77418f65cdaf4ecfb6961b762749","/static/media/buy4.595ab922b780375d104d.jpg":"467860e066c7503fabb3644d0c74560e2351857c8186167f8cafa493e936984a","/static/media/download_app.9f206a894e00f507eadd.png":"f1dbcaf0dfa400415951ad7dfa691b4350ac7c9fd3df30f6d4886f4ba9160e21","/static/media/step01.57241c6018dc9e219de2.png":"08cc24d9ac96236d446d688c04f1e5b720711c585c6d6568d036f390fec57461","/static/media/step02.4df1954b76c400b07712.png":"6e35a8bbddfdb8ea073e8a7222a9dbb3003b53004072ed903ad29adb86555180","/static/media/about.128311251a586416ed87.png":"2b9bf3e3a9697d7426d719057f4d07585d7bfe640c173bf3b71b06e2272446c9","/static/media/headimg1.92bf1d4f84088203920e.png":"e2eee04029cede96b163a1991413b473f95541e64d845fbfb63f38765b1c4eed","/static/media/step03.7d0a92547e00033a182f.png":"1747aae567fd1a6ac40fc85739a401fade01dec2d3420b309a773a47c5e6a178","/static/media/leftmen.6c3d204f652303098a35.png":"c8173b7e37babe2bb7b312c725549398b1623d3c81c63f261f4756b6b0632ae2","/static/media/banner3.3baa22898dcd4689b095.png":"040051f5d6e8122dba5dccaccdaaabb8033aeba4eee65aa23f2f51d7a833d45c","/static/media/letsgrow.cd33895ab6d73eae2ceb.png":"3f3e5382d3ed4f8d1017a70ad5b13e871e3cc5faaf84adfc607540d752efd675","/static/css/main.166499a2.css.map":"9ba3982754cafb0ee706bb4d0aef99164fcadc0b9ebecbd35b13411633199f80","/static/js/main.66c867ea.js":"2be281c5764dd22769ffce6dc52af897ab5d96be339cbbdd340ad546f2b4cf5f","/static/media/Mission.4cf412f4f49dd2ffd559.png":"8641006309a4e7daf25736f9466c4c848ec81de7aa82df1968380a136ca72950","/static/media/buy5.1412842f686d6eadca80.png":"691ff6de840e33efbf25bccb23d952fe02c36466b6f17af7047498fd79adc8cc","/static/media/banner1.6c39cc635f4af6282708.png":"ebba8cbe30b33209d8d7b12824cb39a73e9f0119b5601624f140129d18e1a87c","/static/media/banner2.c703539c70c89f60bc58.png":"b9ce947bb06ac0db4f2de7f7390dce868c69f9769a9df108461eef3a3d00e13e","/static/media/headimg.fe0bdaedc1865bf44e7d.png":"ed006cc68d2dad2d8b368ba57f7f0b78bdeff2f212a540d64cefdf0b2dbeb46f","/static/media/Unique.5a61eebf923c7704d14b.png":"cc6b9973323453b3a7df801d7eac5d50a58da5fa94f1c78a55b75afb57bad50b","/static/media/Vision.1a16365a70771a820ddf.png":"fd0acbee39302da8053c1eea2ca06073db8f87b438b1245f4bc2a9dd0f6f5824","/static/media/whypart.b2c6ea07075ad62248fe.png":"4f4cc10fead1f0f9149bc6a004f6825c0902cafc6a326eec3a60ab710c1d933b","/static/media/subscribe-bg.66bb18fcec635d82553c.png":"f7c44ecb756a43d776a4b685e6ce7f9d3ba8f1ed7ffda9604cafdd84ac6f0a73","/static/media/Contactus.d2f08a7642a637573a68.jpg":"5e2adc56876be24e731459c1aba2141147e52bff0ec25bf2855ab904f9d7c7e2","/static/js/main.66c867ea.js.map":"59517a8cfb9fbfbce377fe4a8bcbbedc6138eb99280e4b316e32f2c4e822ab64"}}
[debug] [2023-03-05T08:22:11.780Z] <<< [apiv2][status] POST https://firebasehosting.googleapis.com/v1beta1/projects/838549641401/sites/zobizapis/versions/86b7562096128e15:populateFiles 200
[debug] [2023-03-05T08:22:11.780Z] <<< [apiv2][body] POST https://firebasehosting.googleapis.com/v1beta1/projects/838549641401/sites/zobizapis/versions/86b7562096128e15:populateFiles {"uploadRequiredHashes":["59517a8cfb9fbfbce377fe4a8bcbbedc6138eb99280e4b316e32f2c4e822ab64","9611322cb232d316e42698dd3d176bdb09385f494a9bc26f6e295ef8b1f14c25","de9ac994393e85d54c85cf250556fa58229f643dad4574e6d30097aaae5a644d","de624bec5ca3bbe30192e31250043b5eea4bb7e92cbe2ee87c17c9efa054378a","9ba3982754cafb0ee706bb4d0aef99164fcadc0b9ebecbd35b13411633199f80","2be281c5764dd22769ffce6dc52af897ab5d96be339cbbdd340ad546f2b4cf5f"],"uploadUrl":"https://upload-firebasehosting.googleapis.com/upload/sites/zobizapis/versions/86b7562096128e15/files"}
[debug] [2023-03-05T08:22:11.782Z] >>> [apiv2][query] POST https://upload-firebasehosting.googleapis.com/upload/sites/zobizapis/versions/86b7562096128e15/files/59517a8cfb9fbfbce377fe4a8bcbbedc6138eb99280e4b316e32f2c4e822ab64 [none]
[debug] [2023-03-05T08:22:11.782Z] >>> [apiv2][body] POST https://upload-firebasehosting.googleapis.com/upload/sites/zobizapis/versions/86b7562096128e15/files/59517a8cfb9fbfbce377fe4a8bcbbedc6138eb99280e4b316e32f2c4e822ab64 [stream]
[debug] [2023-03-05T08:22:11.784Z] >>> [apiv2][query] POST https://upload-firebasehosting.googleapis.com/upload/sites/zobizapis/versions/86b7562096128e15/files/9611322cb232d316e42698dd3d176bdb09385f494a9bc26f6e295ef8b1f14c25 [none]
[debug] [2023-03-05T08:22:11.784Z] >>> [apiv2][body] POST https://upload-firebasehosting.googleapis.com/upload/sites/zobizapis/versions/86b7562096128e15/files/9611322cb232d316e42698dd3d176bdb09385f494a9bc26f6e295ef8b1f14c25 [stream]
[debug] [2023-03-05T08:22:11.785Z] >>> [apiv2][query] POST https://upload-firebasehosting.googleapis.com/upload/sites/zobizapis/versions/86b7562096128e15/files/de9ac994393e85d54c85cf250556fa58229f643dad4574e6d30097aaae5a644d [none]
[debug] [2023-03-05T08:22:11.785Z] >>> [apiv2][body] POST https://upload-firebasehosting.googleapis.com/upload/sites/zobizapis/versions/86b7562096128e15/files/de9ac994393e85d54c85cf250556fa58229f643dad4574e6d30097aaae5a644d [stream]
[debug] [2023-03-05T08:22:11.787Z] >>> [apiv2][query] POST https://upload-firebasehosting.googleapis.com/upload/sites/zobizapis/versions/86b7562096128e15/files/de624bec5ca3bbe30192e31250043b5eea4bb7e92cbe2ee87c17c9efa054378a [none]
[debug] [2023-03-05T08:22:11.787Z] >>> [apiv2][body] POST https://upload-firebasehosting.googleapis.com/upload/sites/zobizapis/versions/86b7562096128e15/files/de624bec5ca3bbe30192e31250043b5eea4bb7e92cbe2ee87c17c9efa054378a [stream]
[debug] [2023-03-05T08:22:11.789Z] >>> [apiv2][query] POST https://upload-firebasehosting.googleapis.com/upload/sites/zobizapis/versions/86b7562096128e15/files/9ba3982754cafb0ee706bb4d0aef99164fcadc0b9ebecbd35b13411633199f80 [none]
[debug] [2023-03-05T08:22:11.790Z] >>> [apiv2][body] POST https://upload-firebasehosting.googleapis.com/upload/sites/zobizapis/versions/86b7562096128e15/files/9ba3982754cafb0ee706bb4d0aef99164fcadc0b9ebecbd35b13411633199f80 [stream]
[debug] [2023-03-05T08:22:11.794Z] >>> [apiv2][query] POST https://upload-firebasehosting.googleapis.com/upload/sites/zobizapis/versions/86b7562096128e15/files/2be281c5764dd22769ffce6dc52af897ab5d96be339cbbdd340ad546f2b4cf5f [none]
[debug] [2023-03-05T08:22:11.794Z] >>> [apiv2][body] POST https://upload-firebasehosting.googleapis.com/upload/sites/zobizapis/versions/86b7562096128e15/files/2be281c5764dd22769ffce6dc52af897ab5d96be339cbbdd340ad546f2b4cf5f [stream]
[debug] [2023-03-05T08:22:11.795Z] [hosting][populate queue][FINAL] {"max":1411,"min":1411,"avg":1411,"active":0,"complete":1,"success":1,"errored":0,"retried":0,"total":1,"elapsed":1425}
[debug] [2023-03-05T08:22:11.795Z] [hosting] uploads queued: 6
[debug] [2023-03-05T08:22:15.857Z] <<< [apiv2][status] POST https://upload-firebasehosting.googleapis.com/upload/sites/zobizapis/versions/86b7562096128e15/files/9611322cb232d316e42698dd3d176bdb09385f494a9bc26f6e295ef8b1f14c25 200
[debug] [2023-03-05T08:22:15.857Z] <<< [apiv2][body] POST https://upload-firebasehosting.googleapis.com/upload/sites/zobizapis/versions/86b7562096128e15/files/9611322cb232d316e42698dd3d176bdb09385f494a9bc26f6e295ef8b1f14c25 [stream]
[debug] [2023-03-05T08:22:16.732Z] <<< [apiv2][status] POST https://upload-firebasehosting.googleapis.com/upload/sites/zobizapis/versions/86b7562096128e15/files/de624bec5ca3bbe30192e31250043b5eea4bb7e92cbe2ee87c17c9efa054378a 200
[debug] [2023-03-05T08:22:16.733Z] <<< [apiv2][body] POST https://upload-firebasehosting.googleapis.com/upload/sites/zobizapis/versions/86b7562096128e15/files/de624bec5ca3bbe30192e31250043b5eea4bb7e92cbe2ee87c17c9efa054378a [stream]
[debug] [2023-03-05T08:22:28.142Z] <<< [apiv2][status] POST https://upload-firebasehosting.googleapis.com/upload/sites/zobizapis/versions/86b7562096128e15/files/de9ac994393e85d54c85cf250556fa58229f643dad4574e6d30097aaae5a644d 200
[debug] [2023-03-05T08:22:28.143Z] <<< [apiv2][body] POST https://upload-firebasehosting.googleapis.com/upload/sites/zobizapis/versions/86b7562096128e15/files/de9ac994393e85d54c85cf250556fa58229f643dad4574e6d30097aaae5a644d [stream]
[debug] [2023-03-05T08:22:42.204Z] [uploadQueue] Retrying task 9ba3982754cafb0ee706bb4d0aef99164fcadc0b9ebecbd35b13411633199f80
[debug] [2023-03-05T08:22:42.207Z] >>> [apiv2][query] POST https://upload-firebasehosting.googleapis.com/upload/sites/zobizapis/versions/86b7562096128e15/files/9ba3982754cafb0ee706bb4d0aef99164fcadc0b9ebecbd35b13411633199f80 [none]
[debug] [2023-03-05T08:22:42.207Z] >>> [apiv2][body] POST https://upload-firebasehosting.googleapis.com/upload/sites/zobizapis/versions/86b7562096128e15/files/9ba3982754cafb0ee706bb4d0aef99164fcadc0b9ebecbd35b13411633199f80 [stream]
[debug] [2023-03-05T08:22:42.213Z] [uploadQueue] Retrying task 2be281c5764dd22769ffce6dc52af897ab5d96be339cbbdd340ad546f2b4cf5f
[debug] [2023-03-05T08:22:42.214Z] >>> [apiv2][query] POST https://upload-firebasehosting.googleapis.com/upload/sites/zobizapis/versions/86b7562096128e15/files/2be281c5764dd22769ffce6dc52af897ab5d96be339cbbdd340ad546f2b4cf5f [none]
[debug] [2023-03-05T08:22:42.214Z] >>> [apiv2][body] POST https://upload-firebasehosting.googleapis.com/upload/sites/zobizapis/versions/86b7562096128e15/files/2be281c5764dd22769ffce6dc52af897ab5d96be339cbbdd340ad546f2b4cf5f [stream]
[debug] [2023-03-05T08:22:55.309Z] <<< [apiv2][status] POST https://upload-firebasehosting.googleapis.com/upload/sites/zobizapis/versions/86b7562096128e15/files/2be281c5764dd22769ffce6dc52af897ab5d96be339cbbdd340ad546f2b4cf5f 200
[debug] [2023-03-05T08:22:55.309Z] <<< [apiv2][body] POST https://upload-firebasehosting.googleapis.com/upload/sites/zobizapis/versions/86b7562096128e15/files/2be281c5764dd22769ffce6dc52af897ab5d96be339cbbdd340ad546f2b4cf5f [stream]
[debug] [2023-03-05T08:23:13.025Z] [uploadQueue] Retrying task 9ba3982754cafb0ee706bb4d0aef99164fcadc0b9ebecbd35b13411633199f80
[debug] [2023-03-05T08:23:13.027Z] >>> [apiv2][query] POST https://upload-firebasehosting.googleapis.com/upload/sites/zobizapis/versions/86b7562096128e15/files/9ba3982754cafb0ee706bb4d0aef99164fcadc0b9ebecbd35b13411633199f80 [none]
[debug] [2023-03-05T08:23:13.027Z] >>> [apiv2][body] POST https://upload-firebasehosting.googleapis.com/upload/sites/zobizapis/versions/86b7562096128e15/files/9ba3982754cafb0ee706bb4d0aef99164fcadc0b9ebecbd35b13411633199f80 [stream]
[debug] [2023-03-05T08:23:18.812Z] <<< [apiv2][status] POST https://upload-firebasehosting.googleapis.com/upload/sites/zobizapis/versions/86b7562096128e15/files/9ba3982754cafb0ee706bb4d0aef99164fcadc0b9ebecbd35b13411633199f80 200
[debug] [2023-03-05T08:23:18.812Z] <<< [apiv2][body] POST https://upload-firebasehosting.googleapis.com/upload/sites/zobizapis/versions/86b7562096128e15/files/9ba3982754cafb0ee706bb4d0aef99164fcadc0b9ebecbd35b13411633199f80 [stream]
[debug] [2023-03-05T08:25:44.017Z] [uploadQueue] Retrying task 59517a8cfb9fbfbce377fe4a8bcbbedc6138eb99280e4b316e32f2c4e822ab64
[debug] [2023-03-05T08:25:44.018Z] >>> [apiv2][query] POST https://upload-firebasehosting.googleapis.com/upload/sites/zobizapis/versions/86b7562096128e15/files/59517a8cfb9fbfbce377fe4a8bcbbedc6138eb99280e4b316e32f2c4e822ab64 [none]
[debug] [2023-03-05T08:25:44.019Z] >>> [apiv2][body] POST https://upload-firebasehosting.googleapis.com/upload/sites/zobizapis/versions/86b7562096128e15/files/59517a8cfb9fbfbce377fe4a8bcbbedc6138eb99280e4b316e32f2c4e822ab64 [stream]
[debug] [2023-03-05T08:29:16.650Z] [uploadQueue] Retrying task 59517a8cfb9fbfbce377fe4a8bcbbedc6138eb99280e4b316e32f2c4e822ab64
[debug] [2023-03-05T08:29:16.651Z] >>> [apiv2][query] POST https://upload-firebasehosting.googleapis.com/upload/sites/zobizapis/versions/86b7562096128e15/files/59517a8cfb9fbfbce377fe4a8bcbbedc6138eb99280e4b316e32f2c4e822ab64 [none]
[debug] [2023-03-05T08:29:16.652Z] >>> [apiv2][body] POST https://upload-firebasehosting.googleapis.com/upload/sites/zobizapis/versions/86b7562096128e15/files/59517a8cfb9fbfbce377fe4a8bcbbedc6138eb99280e4b316e32f2c4e822ab64 [stream]
[debug] [2023-03-05T08:32:50.097Z] [uploadQueue] Retrying task 59517a8cfb9fbfbce377fe4a8bcbbedc6138eb99280e4b316e32f2c4e822ab64
[debug] [2023-03-05T08:32:50.098Z] >>> [apiv2][query] POST https://upload-firebasehosting.googleapis.com/upload/sites/zobizapis/versions/86b7562096128e15/files/59517a8cfb9fbfbce377fe4a8bcbbedc6138eb99280e4b316e32f2c4e822ab64 [none]
[debug] [2023-03-05T08:32:50.098Z] >>> [apiv2][body] POST https://upload-firebasehosting.googleapis.com/upload/sites/zobizapis/versions/86b7562096128e15/files/59517a8cfb9fbfbce377fe4a8bcbbedc6138eb99280e4b316e32f2c4e822ab64 [stream]
[debug] [2023-03-05T08:36:25.133Z] [uploadQueue] Retrying task 59517a8cfb9fbfbce377fe4a8bcbbedc6138eb99280e4b316e32f2c4e822ab64
[debug] [2023-03-05T08:36:25.134Z] >>> [apiv2][query] POST https://upload-firebasehosting.googleapis.com/upload/sites/zobizapis/versions/86b7562096128e15/files/59517a8cfb9fbfbce377fe4a8bcbbedc6138eb99280e4b316e32f2c4e822ab64 [none]
[debug] [2023-03-05T08:36:25.134Z] >>> [apiv2][body] POST https://upload-firebasehosting.googleapis.com/upload/sites/zobizapis/versions/86b7562096128e15/files/59517a8cfb9fbfbce377fe4a8bcbbedc6138eb99280e4b316e32f2c4e822ab64 [stream]
[debug] [2023-03-05T08:49:59.990Z] [uploadQueue] Retrying task 59517a8cfb9fbfbce377fe4a8bcbbedc6138eb99280e4b316e32f2c4e822ab64
[debug] [2023-03-05T08:49:59.991Z] > refreshing access token with scopes: []
[debug] [2023-03-05T08:49:59.992Z] >>> [apiv2][query] POST https://www.googleapis.com/oauth2/v3/token [none]
[debug] [2023-03-05T08:49:59.992Z] >>> [apiv2][body] POST https://www.googleapis.com/oauth2/v3/token [omitted]
[debug] [2023-03-05T08:50:08.036Z] <<< [apiv2][status] POST https://www.googleapis.com/oauth2/v3/token 200
[debug] [2023-03-05T08:50:08.036Z] <<< [apiv2][body] POST https://www.googleapis.com/oauth2/v3/token [omitted]
[debug] [2023-03-05T08:50:08.244Z] >>> [apiv2][query] POST https://upload-firebasehosting.googleapis.com/upload/sites/zobizapis/versions/86b7562096128e15/files/59517a8cfb9fbfbce377fe4a8bcbbedc6138eb99280e4b316e32f2c4e822ab64 [none]
[debug] [2023-03-05T08:50:08.244Z] >>> [apiv2][body] POST https://upload-firebasehosting.googleapis.com/upload/sites/zobizapis/versions/86b7562096128e15/files/59517a8cfb9fbfbce377fe4a8bcbbedc6138eb99280e4b316e32f2c4e822ab64 [stream]
[debug] [2023-03-05T08:51:44.387Z] ----------------------------------------------------------------------
[debug] [2023-03-05T08:51:44.389Z] Command:       C:\Program Files\nodejs\node.exe C:\Users\Bind\AppData\Roaming\npm\node_modules\firebase-tools\lib\bin\firebase.js deploy
[debug] [2023-03-05T08:51:44.390Z] CLI Version:   11.24.0
[debug] [2023-03-05T08:51:44.391Z] Platform:      win32
[debug] [2023-03-05T08:51:44.391Z] Node Version:  v18.13.0
[debug] [2023-03-05T08:51:44.392Z] Time:          Sun Mar 05 2023 14:21:44 GMT+0530 (India Standard Time)
[debug] [2023-03-05T08:51:44.393Z] ----------------------------------------------------------------------
[debug] 
[debug] [2023-03-05T08:51:44.487Z] > command requires scopes: ["email","openid","https://www.googleapis.com/auth/cloudplatformprojects.readonly","https://www.googleapis.com/auth/firebase","https://www.googleapis.com/auth/cloud-platform"]
[debug] [2023-03-05T08:51:44.487Z] > authorizing via signed-in user (prafullbind@gmail.com)
[debug] [2023-03-05T08:51:44.488Z] [iam] checking project zobizapis for permissions ["firebase.projects.get","firebasehosting.sites.update"]
[debug] [2023-03-05T08:51:44.490Z] >>> [apiv2][query] POST https://cloudresourcemanager.googleapis.com/v1/projects/zobizapis:testIamPermissions [none]
[debug] [2023-03-05T08:51:44.491Z] >>> [apiv2][(partial)header] POST https://cloudresourcemanager.googleapis.com/v1/projects/zobizapis:testIamPermissions x-goog-quota-user=projects/zobizapis
[debug] [2023-03-05T08:51:44.491Z] >>> [apiv2][body] POST https://cloudresourcemanager.googleapis.com/v1/projects/zobizapis:testIamPermissions {"permissions":["firebase.projects.get","firebasehosting.sites.update"]}
[debug] [2023-03-05T08:51:46.466Z] <<< [apiv2][status] POST https://cloudresourcemanager.googleapis.com/v1/projects/zobizapis:testIamPermissions 200
[debug] [2023-03-05T08:51:46.467Z] <<< [apiv2][body] POST https://cloudresourcemanager.googleapis.com/v1/projects/zobizapis:testIamPermissions {"permissions":["firebase.projects.get","firebasehosting.sites.update"]}
[debug] [2023-03-05T08:51:46.469Z] >>> [apiv2][query] GET https://firebase.googleapis.com/v1beta1/projects/zobizapis [none]
[debug] [2023-03-05T08:51:47.429Z] <<< [apiv2][status] GET https://firebase.googleapis.com/v1beta1/projects/zobizapis 200
[debug] [2023-03-05T08:51:47.429Z] <<< [apiv2][body] GET https://firebase.googleapis.com/v1beta1/projects/zobizapis {"projectId":"zobizapis","projectNumber":"838549641401","displayName":"zobizapis","name":"projects/zobizapis","resources":{"hostingSite":"zobizapis","storageBucket":"zobizapis.appspot.com","locationId":"asia-south1"},"state":"ACTIVE","etag":"1_d41b22e5-7a07-4e78-99be-2f530de37608"}
[info] 
[info] === Deploying to 'zobizapis'...
[info] 
[info] i  deploying hosting 
[debug] [2023-03-05T08:51:47.437Z] Specified "public" directory "/build" does not exist; Deploy to Hosting site "zobizapis" may fail or be empty.
[debug] [2023-03-05T08:51:47.441Z] >>> [apiv2][query] POST https://firebasehosting.googleapis.com/v1beta1/projects/-/sites/zobizapis/versions [none]
[debug] [2023-03-05T08:51:47.442Z] >>> [apiv2][body] POST https://firebasehosting.googleapis.com/v1beta1/projects/-/sites/zobizapis/versions {"status":"CREATED","labels":{"deployment-tool":"cli-firebase"}}
[debug] [2023-03-05T08:51:49.416Z] <<< [apiv2][status] POST https://firebasehosting.googleapis.com/v1beta1/projects/-/sites/zobizapis/versions 200
[debug] [2023-03-05T08:51:49.417Z] <<< [apiv2][body] POST https://firebasehosting.googleapis.com/v1beta1/projects/-/sites/zobizapis/versions {"name":"projects/838549641401/sites/zobizapis/versions/eef51c6ff8d6cc04","status":"CREATED","config":{},"labels":{"deployment-tool":"cli-firebase"}}
[info] i  hosting[zobizapis]: beginning deploy... 
[info] i  hosting[zobizapis]: found 50 files in /build 
[debug] [2023-03-05T08:51:49.452Z] [hosting] uploading with 200 concurrency
[debug] [2023-03-05T08:51:49.468Z] [hosting] hash cache [YnVpbGQ] stored for 50 files
[debug] [2023-03-05T08:51:49.468Z] [hosting][hash queue][FINAL] {"max":9,"min":0,"avg":0,"active":0,"complete":50,"success":50,"errored":0,"retried":0,"total":50,"elapsed":12}
[debug] [2023-03-05T08:51:49.469Z] >>> [apiv2][query] POST https://firebasehosting.googleapis.com/v1beta1/projects/838549641401/sites/zobizapis/versions/eef51c6ff8d6cc04:populateFiles [none]
[debug] [2023-03-05T08:51:49.469Z] >>> [apiv2][body] POST https://firebasehosting.googleapis.com/v1beta1/projects/838549641401/sites/zobizapis/versions/eef51c6ff8d6cc04:populateFiles {"files":{"/404.html":"3240c6b45513fdd97861a63c8ae3ef0e7d2bf1357ec632ad7e6839473710326c\r","/asset-manifest.json":"9611322cb232d316e42698dd3d176bdb09385f494a9bc26f6e295ef8b1f14c25","/favicon.ico":"eae62e993eb980ec8a25058c39d5a51feab118bd2100c4deebb2a9c158ec11f9\r","/index.html":"de624bec5ca3bbe30192e31250043b5eea4bb7e92cbe2ee87c17c9efa054378a","/logo192.png":"3ee59515172ee198f3be375979df15ac5345183e656720a381b8872b2a39dc8b\r","/logo512.png":"ee7e2f3fdb8209c4b6fd7bef6ba50d1b9dba30a25bb5c3126df057e1cb6f5331\r","/manifest.json":"5c997de1364b8be939319fa9209abd77f2caf7f8844999a9e2e9173f844e7840\r","/robots.txt":"a73213f155e98f71b82e9b6acbf6700b8808b76bc241257f4ca3cf6faaa21f7b","/sitemap.xml":"1c5f7d0f1454366f39fcd5b9efca2c524d5777b8c22c88c3e6468e9a75b736c2","/zobox.png":"3960a50f595fb47b4892e81fb98e0c1b102d434e0c71d328eccb460290e46ec3\r","/zowhitenew.png":"36ba13ba56ac023e6d2e7b26efce33e80f1127505721b1497f8b7934936e0aed\r","/static/css/main.166499a2.css":"de9ac994393e85d54c85cf250556fa58229f643dad4574e6d30097aaae5a644d","/static/css/main.166499a2.css.map":"9ba3982754cafb0ee706bb4d0aef99164fcadc0b9ebecbd35b13411633199f80","/static/js/main.66c867ea.js":"2be281c5764dd22769ffce6dc52af897ab5d96be339cbbdd340ad546f2b4cf5f","/static/js/main.66c867ea.js.LICENSE.txt":"b0a39d2d4297236271d6be84c219fd89358d53dbbb2e8c9d610b8170b5faa907","/static/js/main.66c867ea.js.map":"59517a8cfb9fbfbce377fe4a8bcbbedc6138eb99280e4b316e32f2c4e822ab64","/static/media/about.128311251a586416ed87.png":"2b9bf3e3a9697d7426d719057f4d07585d7bfe640c173bf3b71b06e2272446c9","/static/media/apple.2a8f2a38110b76832fb2.png":"ededb1f3f82ceb0984709b3b1c9436a5be660c69b901563f46e9e38c13a74478","/static/media/banner1.6c39cc635f4af6282708.png":"ebba8cbe30b33209d8d7b12824cb39a73e9f0119b5601624f140129d18e1a87c","/static/media/banner2.c703539c70c89f60bc58.png":"b9ce947bb06ac0db4f2de7f7390dce868c69f9769a9df108461eef3a3d00e13e","/static/media/banner3.3baa22898dcd4689b095.png":"040051f5d6e8122dba5dccaccdaaabb8033aeba4eee65aa23f2f51d7a833d45c","/static/media/buy1.79395e81c08bdf68217e.png":"f205c9b16b4f311dc6c8989855869fde718c8c68404d523ecd12f9c388db1aa6","/static/media/buy2.c239195468a99b834142.png":"79c2da04f238aec68b462a67161d27bb07a00a2bcab88df11d7bb6dbc58c4776","/static/media/buy3.98aff83ac79151a3af22.png":"79698c81380a9e7fc181e08762d48b38f304f1adcd7657ca6ad54f847ab5926b","/static/media/buy4.595ab922b780375d104d.jpg":"467860e066c7503fabb3644d0c74560e2351857c8186167f8cafa493e936984a","/static/media/buy5.1412842f686d6eadca80.png":"691ff6de840e33efbf25bccb23d952fe02c36466b6f17af7047498fd79adc8cc","/static/media/Contactus.d2f08a7642a637573a68.jpg":"5e2adc56876be24e731459c1aba2141147e52bff0ec25bf2855ab904f9d7c7e2","/static/media/daimg.b45c365bff3731296df1.png":"e3adb97124b5af60b9700af78404981466950702080dd2fc8b23fb6bcfe60da5","/static/media/download_app.9f206a894e00f507eadd.png":"f1dbcaf0dfa400415951ad7dfa691b4350ac7c9fd3df30f6d4886f4ba9160e21","/static/media/front1.fa8a10c3072ae170baa8.png":"5e730af3afe896eb6a0592e32885424f03ca77418f65cdaf4ecfb6961b762749","/static/media/headimg.5beefe8d66c2f875a0d1.jpeg":"3c232ad349f7ccec285342c45602ff5d4af6508c40598857f376517ffb164253","/static/media/headimg.fe0bdaedc1865bf44e7d.png":"ed006cc68d2dad2d8b368ba57f7f0b78bdeff2f212a540d64cefdf0b2dbeb46f","/static/media/headimg1.92bf1d4f84088203920e.png":"e2eee04029cede96b163a1991413b473f95541e64d845fbfb63f38765b1c4eed","/static/media/leftmen.6c3d204f652303098a35.png":"c8173b7e37babe2bb7b312c725549398b1623d3c81c63f261f4756b6b0632ae2","/static/media/letsgrow.cd33895ab6d73eae2ceb.png":"3f3e5382d3ed4f8d1017a70ad5b13e871e3cc5faaf84adfc607540d752efd675","/static/media/Mission.4cf412f4f49dd2ffd559.png":"8641006309a4e7daf25736f9466c4c848ec81de7aa82df1968380a136ca72950","/static/media/pngwing.com.88c0cf672ae4dd873d7f.png":"d0eb58682647c2e081d67768c5faff31b76667d490221414a5c3694355aa465e","/static/media/slick.2630a3e3eab21c607e21.svg":"d00477d40ed40fa1dd3bdee27d9286804121b15fea83bae7d5415d902b055de0","/static/media/slick.295183786cd8a1389865.woff":"029a727c9e1081d2f9e1015f02f18da88f268512ea4f58589a6f17f532928530","/static/media/slick.a4e97f5a2a64f0ab1323.eot":"52b9a169969e053d43df6bd21c4dc789c2518d99afd8590a17ef50cd24c77cf6","/static/media/slick.c94f7671dcc99dce43e2.ttf":"6aad751007cf9a89350af287f824ab64f096c472c7c9c679fb3d55b6174fc004","/static/media/step01.57241c6018dc9e219de2.png":"08cc24d9ac96236d446d688c04f1e5b720711c585c6d6568d036f390fec57461","/static/media/step02.4df1954b76c400b07712.png":"6e35a8bbddfdb8ea073e8a7222a9dbb3003b53004072ed903ad29adb86555180","/static/media/step03.7d0a92547e00033a182f.png":"1747aae567fd1a6ac40fc85739a401fade01dec2d3420b309a773a47c5e6a178","/static/media/subscribe-bg.66bb18fcec635d82553c.png":"f7c44ecb756a43d776a4b685e6ce7f9d3ba8f1ed7ffda9604cafdd84ac6f0a73","/static/media/Unique.5a61eebf923c7704d14b.png":"cc6b9973323453b3a7df801d7eac5d50a58da5fa94f1c78a55b75afb57bad50b","/static/media/Vision.1a16365a70771a820ddf.png":"fd0acbee39302da8053c1eea2ca06073db8f87b438b1245f4bc2a9dd0f6f5824","/static/media/whypart.b2c6ea07075ad62248fe.png":"4f4cc10fead1f0f9149bc6a004f6825c0902cafc6a326eec3a60ab710c1d933b","/static/media/zobiz1.5424c71e51d908269f4f.png":"81270fff44e7991f7663444a78d821ed071474f29c3901ae974e0d9cc6156eb4","/static/media/zobox.bbd565ac43686612959c.png":"3960a50f595fb47b4892e81fb98e0c1b102d434e0c71d328eccb460290e46ec3"}}
[debug] [2023-03-05T08:51:51.661Z] <<< [apiv2][status] POST https://firebasehosting.googleapis.com/v1beta1/projects/838549641401/sites/zobizapis/versions/eef51c6ff8d6cc04:populateFiles 200
[debug] [2023-03-05T08:51:51.662Z] <<< [apiv2][body] POST https://firebasehosting.googleapis.com/v1beta1/projects/838549641401/sites/zobizapis/versions/eef51c6ff8d6cc04:populateFiles {"uploadRequiredHashes":["59517a8cfb9fbfbce377fe4a8bcbbedc6138eb99280e4b316e32f2c4e822ab64"],"uploadUrl":"https://upload-firebasehosting.googleapis.com/upload/sites/zobizapis/versions/eef51c6ff8d6cc04/files"}
[debug] [2023-03-05T08:51:51.664Z] >>> [apiv2][query] POST https://upload-firebasehosting.googleapis.com/upload/sites/zobizapis/versions/eef51c6ff8d6cc04/files/59517a8cfb9fbfbce377fe4a8bcbbedc6138eb99280e4b316e32f2c4e822ab64 [none]
[debug] [2023-03-05T08:51:51.664Z] >>> [apiv2][body] POST https://upload-firebasehosting.googleapis.com/upload/sites/zobizapis/versions/eef51c6ff8d6cc04/files/59517a8cfb9fbfbce377fe4a8bcbbedc6138eb99280e4b316e32f2c4e822ab64 [stream]
[debug] [2023-03-05T08:51:51.666Z] [hosting][populate queue][FINAL] {"max":2197,"min":2197,"avg":2197,"active":0,"complete":1,"success":1,"errored":0,"retried":0,"total":1,"elapsed":2200}
[debug] [2023-03-05T08:51:51.667Z] [hosting] uploads queued: 1
